2016-09-10 20:25:59,783 [Worker-1] INFO  c.g.t.t.d.PublishedGradleVersions - Gradle version information cache is not available. Remote download required.
2016-09-10 21:39:44,483 [Worker-1] INFO  c.g.t.t.d.PublishedGradleVersions - Gradle version information cache is up-to-date. Trying to read.
2016-09-10 22:51:17,747 [Start Help Server] INFO  org.eclipse.jetty.util.log - Logging initialized @4341320ms
2016-09-10 22:51:18,360 [Start Help Server] INFO  org.eclipse.jetty.server.Server - jetty-9.3.9.v20160517
2016-09-10 22:51:18,634 [Start Help Server] INFO  o.e.j.server.handler.ContextHandler - Started o.e.j.s.ServletContextHandler@44ec95{/help,null,AVAILABLE}
2016-09-10 22:51:18,849 [Start Help Server] INFO  o.e.jetty.server.AbstractConnector - Started ServerConnector@a4c54c{HTTP/1.1,[http/1.1]}{127.0.0.1:65393}
2016-09-10 22:51:18,850 [Start Help Server] INFO  org.eclipse.jetty.server.Server - Started @4342423ms
2016-09-11 00:41:24,447 [Stop Help Server] INFO  o.e.jetty.server.AbstractConnector - Stopped ServerConnector@a4c54c{HTTP/1.1,[http/1.1]}{127.0.0.1:0}
2016-09-11 00:41:24,563 [Stop Help Server] INFO  o.e.j.server.handler.ContextHandler - Stopped o.e.j.s.ServletContextHandler@44ec95{/help,null,UNAVAILABLE}
2016-09-11 18:57:29,317 [Worker-2] INFO  c.g.t.t.d.PublishedGradleVersions - Gradle version information cache is up-to-date. Trying to read.
2016-09-28 15:16:05,518 [Worker-2] INFO  c.g.t.t.d.PublishedGradleVersions - Gradle version information cache is out-of-date. Trying to update.
2016-09-28 15:32:37,695 [Worker-1] INFO  c.g.t.t.d.PublishedGradleVersions - Gradle version information cache is up-to-date. Trying to read.
2016-09-28 15:36:50,576 [Worker-1] INFO  c.g.t.t.d.PublishedGradleVersions - Gradle version information cache is up-to-date. Trying to read.
2016-09-28 21:16:40,537 [Worker-21] INFO  o.e.m.c.i.e.AbstractTransferListenerAdapter - Downloading https://repo.maven.apache.org/maven2/org/apache/commons/commons-parent/35/commons-parent-35.pom
2016-09-28 21:16:41,977 [Worker-21] INFO  o.e.m.c.i.e.AbstractTransferListenerAdapter - Downloaded https://repo.maven.apache.org/maven2/org/apache/commons/commons-parent/35/commons-parent-35.pom
2016-09-28 21:16:42,389 [Worker-21] INFO  o.e.m.c.i.e.AbstractTransferListenerAdapter - Downloading https://repo.maven.apache.org/maven2/org/apache/apache/15/apache-15.pom
2016-09-28 21:16:42,793 [Worker-21] INFO  o.e.m.c.i.e.AbstractTransferListenerAdapter - Downloaded https://repo.maven.apache.org/maven2/org/apache/apache/15/apache-15.pom
2016-09-28 21:16:43,427 [Worker-21] INFO  o.e.m.c.i.e.AbstractTransferListenerAdapter - Downloading https://repo.maven.apache.org/maven2/junit/junit/4.11/junit-4.11.pom
2016-09-28 21:16:43,854 [Worker-21] INFO  o.e.m.c.i.e.AbstractTransferListenerAdapter - Downloaded https://repo.maven.apache.org/maven2/junit/junit/4.11/junit-4.11.pom
2016-09-28 21:16:44,297 [Worker-21] INFO  o.e.m.c.i.e.AbstractTransferListenerAdapter - Downloading https://repo.maven.apache.org/maven2/org/hamcrest/hamcrest-core/1.3/hamcrest-core-1.3.pom
2016-09-28 21:16:44,722 [Worker-21] INFO  o.e.m.c.i.e.AbstractTransferListenerAdapter - Downloaded https://repo.maven.apache.org/maven2/org/hamcrest/hamcrest-core/1.3/hamcrest-core-1.3.pom
2016-09-28 21:16:45,153 [Worker-21] INFO  o.e.m.c.i.e.AbstractTransferListenerAdapter - Downloading https://repo.maven.apache.org/maven2/org/hamcrest/hamcrest-parent/1.3/hamcrest-parent-1.3.pom
2016-09-28 21:16:45,578 [Worker-21] INFO  o.e.m.c.i.e.AbstractTransferListenerAdapter - Downloaded https://repo.maven.apache.org/maven2/org/hamcrest/hamcrest-parent/1.3/hamcrest-parent-1.3.pom
2016-09-28 21:16:46,014 [Worker-21] INFO  o.e.m.c.i.e.AbstractTransferListenerAdapter - Downloading https://repo.maven.apache.org/maven2/junit/junit/4.11/junit-4.11.jar
2016-09-28 21:16:48,188 [Worker-21] INFO  o.e.m.c.i.e.AbstractTransferListenerAdapter - Downloaded https://repo.maven.apache.org/maven2/junit/junit/4.11/junit-4.11.jar
2016-09-28 21:16:48,613 [Worker-21] INFO  o.e.m.c.i.e.AbstractTransferListenerAdapter - Downloading https://repo.maven.apache.org/maven2/org/hamcrest/hamcrest-core/1.3/hamcrest-core-1.3.jar
2016-09-28 21:16:49,195 [Worker-21] INFO  o.e.m.c.i.e.AbstractTransferListenerAdapter - Downloaded https://repo.maven.apache.org/maven2/org/hamcrest/hamcrest-core/1.3/hamcrest-core-1.3.jar
2016-09-28 23:43:04,543 [Start Help Server] INFO  org.eclipse.jetty.util.log - Logging initialized @29194861ms
2016-09-28 23:43:05,145 [Start Help Server] INFO  org.eclipse.jetty.server.Server - jetty-9.3.9.v20160517
2016-09-28 23:43:05,288 [Start Help Server] INFO  o.e.j.server.handler.ContextHandler - Started o.e.j.s.ServletContextHandler@edde52{/help,null,AVAILABLE}
2016-09-28 23:43:05,412 [Start Help Server] INFO  o.e.jetty.server.AbstractConnector - Started ServerConnector@15df9a0{HTTP/1.1,[http/1.1]}{127.0.0.1:49871}
2016-09-28 23:43:05,412 [Start Help Server] INFO  org.eclipse.jetty.server.Server - Started @29195731ms
2016-09-29 00:51:12,731 [Stop Help Server] INFO  o.e.jetty.server.AbstractConnector - Stopped ServerConnector@15df9a0{HTTP/1.1,[http/1.1]}{127.0.0.1:0}
2016-09-29 00:51:12,761 [Stop Help Server] INFO  o.e.j.server.handler.ContextHandler - Stopped o.e.j.s.ServletContextHandler@edde52{/help,null,UNAVAILABLE}
2016-09-29 00:52:24,255 [Worker-2] INFO  c.g.t.t.d.PublishedGradleVersions - Gradle version information cache is up-to-date. Trying to read.
